<?xml version="1.0" encoding="UTF-8"?>
<!-- Generated by org.testng.reporters.JUnitReportReporter -->
<testsuite hostname="LAPTOP-0RNI36S4" failures="0" tests="1" name="com.swaglabproject.testcase.Testcases" time="1.516" errors="0" timestamp="2025-05-11T12:20:56 IST" skipped="0">
  <testcase classname="com.swaglabproject.testcase.Testcases" name="Dynamic_ID" time="1.516"/>
  <system-out/>
</testsuite> <!-- com.swaglabproject.testcase.Testcases -->
